{"C:\\website react.js\\sportmatch\\backend\\config\\database.js": {"path":"C:\\website react.js\\sportmatch\\backend\\config\\database.js","statementMap":{"0":{"start":{"line":1,"column":22},"end":{"line":1,"column":42}},"1":{"start":{"line":2,"column":0},"end":{"line":2,"column":27}},"2":{"start":{"line":4,"column":18},"end":{"line":20,"column":1}},"3":{"start":{"line":22,"column":0},"end":{"line":22,"column":27}}},"fnMap":{},"branchMap":{},"s":{"0":1,"1":1,"2":1,"3":1},"f":{},"b":{},"_coverageSchema":"1a1c01bbd47fc00a2c39e90264f33305004495a9","hash":"6a0bc3636d28ed46ef063f0dd68c5454a16b27e7"}
,"C:\\website react.js\\sportmatch\\backend\\controllers\\metodePembayaranController.js": {"path":"C:\\website react.js\\sportmatch\\backend\\controllers\\metodePembayaranController.js","statementMap":{"0":{"start":{"line":2,"column":25},"end":{"line":2,"column":62}},"1":{"start":{"line":4,"column":31},"end":{"line":21,"column":1}},"2":{"start":{"line":5,"column":2},"end":{"line":20,"column":3}},"3":{"start":{"line":6,"column":17},"end":{"line":12,"column":6}},"4":{"start":{"line":14,"column":4},"end":{"line":14,"column":38}},"5":{"start":{"line":16,"column":4},"end":{"line":16,"column":57}},"6":{"start":{"line":17,"column":4},"end":{"line":19,"column":7}},"7":{"start":{"line":23,"column":36},"end":{"line":39,"column":1}},"8":{"start":{"line":24,"column":2},"end":{"line":38,"column":3}},"9":{"start":{"line":25,"column":17},"end":{"line":30,"column":6}},"10":{"start":{"line":32,"column":4},"end":{"line":32,"column":38}},"11":{"start":{"line":34,"column":4},"end":{"line":34,"column":63}},"12":{"start":{"line":35,"column":4},"end":{"line":37,"column":7}},"13":{"start":{"line":41,"column":32},"end":{"line":60,"column":1}},"14":{"start":{"line":42,"column":2},"end":{"line":59,"column":3}},"15":{"start":{"line":43,"column":19},"end":{"line":43,"column":29}},"16":{"start":{"line":45,"column":17},"end":{"line":45,"column":52}},"17":{"start":{"line":47,"column":4},"end":{"line":51,"column":5}},"18":{"start":{"line":48,"column":6},"end":{"line":50,"column":9}},"19":{"start":{"line":53,"column":4},"end":{"line":53,"column":38}},"20":{"start":{"line":55,"column":4},"end":{"line":55,"column":63}},"21":{"start":{"line":56,"column":4},"end":{"line":58,"column":7}},"22":{"start":{"line":62,"column":31},"end":{"line":97,"column":1}},"23":{"start":{"line":63,"column":2},"end":{"line":96,"column":3}},"24":{"start":{"line":64,"column":63},"end":{"line":64,"column":71}},"25":{"start":{"line":66,"column":4},"end":{"line":70,"column":5}},"26":{"start":{"line":67,"column":6},"end":{"line":69,"column":9}},"27":{"start":{"line":73,"column":21},"end":{"line":73,"column":72}},"28":{"start":{"line":74,"column":4},"end":{"line":78,"column":5}},"29":{"start":{"line":75,"column":6},"end":{"line":77,"column":9}},"30":{"start":{"line":80,"column":17},"end":{"line":85,"column":6}},"31":{"start":{"line":87,"column":4},"end":{"line":90,"column":7}},"32":{"start":{"line":92,"column":4},"end":{"line":92,"column":60}},"33":{"start":{"line":93,"column":4},"end":{"line":95,"column":7}},"34":{"start":{"line":99,"column":31},"end":{"line":137,"column":1}},"35":{"start":{"line":100,"column":2},"end":{"line":136,"column":3}},"36":{"start":{"line":101,"column":19},"end":{"line":101,"column":29}},"37":{"start":{"line":102,"column":63},"end":{"line":102,"column":71}},"38":{"start":{"line":104,"column":17},"end":{"line":104,"column":52}},"39":{"start":{"line":105,"column":4},"end":{"line":109,"column":5}},"40":{"start":{"line":106,"column":6},"end":{"line":108,"column":9}},"41":{"start":{"line":111,"column":4},"end":{"line":118,"column":5}},"42":{"start":{"line":112,"column":24},"end":{"line":112,"column":75}},"43":{"start":{"line":113,"column":6},"end":{"line":117,"column":7}},"44":{"start":{"line":114,"column":8},"end":{"line":116,"column":11}},"45":{"start":{"line":120,"column":4},"end":{"line":125,"column":7}},"46":{"start":{"line":127,"column":4},"end":{"line":130,"column":7}},"47":{"start":{"line":132,"column":4},"end":{"line":132,"column":60}},"48":{"start":{"line":133,"column":4},"end":{"line":135,"column":7}},"49":{"start":{"line":139,"column":31},"end":{"line":161,"column":1}},"50":{"start":{"line":140,"column":2},"end":{"line":160,"column":3}},"51":{"start":{"line":141,"column":19},"end":{"line":141,"column":29}},"52":{"start":{"line":143,"column":17},"end":{"line":143,"column":52}},"53":{"start":{"line":144,"column":4},"end":{"line":148,"column":5}},"54":{"start":{"line":145,"column":6},"end":{"line":147,"column":9}},"55":{"start":{"line":150,"column":4},"end":{"line":150,"column":25}},"56":{"start":{"line":152,"column":4},"end":{"line":154,"column":7}},"57":{"start":{"line":156,"column":4},"end":{"line":156,"column":60}},"58":{"start":{"line":157,"column":4},"end":{"line":159,"column":7}},"59":{"start":{"line":163,"column":0},"end":{"line":170,"column":2}}},"fnMap":{"0":{"name":"(anonymous_0)","decl":{"start":{"line":4,"column":31},"end":{"line":4,"column":32}},"loc":{"start":{"line":4,"column":51},"end":{"line":21,"column":1}},"line":4},"1":{"name":"(anonymous_1)","decl":{"start":{"line":23,"column":36},"end":{"line":23,"column":37}},"loc":{"start":{"line":23,"column":56},"end":{"line":39,"column":1}},"line":23},"2":{"name":"(anonymous_2)","decl":{"start":{"line":41,"column":32},"end":{"line":41,"column":33}},"loc":{"start":{"line":41,"column":52},"end":{"line":60,"column":1}},"line":41},"3":{"name":"(anonymous_3)","decl":{"start":{"line":62,"column":31},"end":{"line":62,"column":32}},"loc":{"start":{"line":62,"column":51},"end":{"line":97,"column":1}},"line":62},"4":{"name":"(anonymous_4)","decl":{"start":{"line":99,"column":31},"end":{"line":99,"column":32}},"loc":{"start":{"line":99,"column":51},"end":{"line":137,"column":1}},"line":99},"5":{"name":"(anonymous_5)","decl":{"start":{"line":139,"column":31},"end":{"line":139,"column":32}},"loc":{"start":{"line":139,"column":51},"end":{"line":161,"column":1}},"line":139}},"branchMap":{"0":{"loc":{"start":{"line":47,"column":4},"end":{"line":51,"column":5}},"type":"if","locations":[{"start":{"line":47,"column":4},"end":{"line":51,"column":5}},{"start":{},"end":{}}],"line":47},"1":{"loc":{"start":{"line":66,"column":4},"end":{"line":70,"column":5}},"type":"if","locations":[{"start":{"line":66,"column":4},"end":{"line":70,"column":5}},{"start":{},"end":{}}],"line":66},"2":{"loc":{"start":{"line":66,"column":8},"end":{"line":66,"column":29}},"type":"binary-expr","locations":[{"start":{"line":66,"column":8},"end":{"line":66,"column":13}},{"start":{"line":66,"column":17},"end":{"line":66,"column":29}}],"line":66},"3":{"loc":{"start":{"line":74,"column":4},"end":{"line":78,"column":5}},"type":"if","locations":[{"start":{"line":74,"column":4},"end":{"line":78,"column":5}},{"start":{},"end":{}}],"line":74},"4":{"loc":{"start":{"line":83,"column":21},"end":{"line":83,"column":39}},"type":"binary-expr","locations":[{"start":{"line":83,"column":21},"end":{"line":83,"column":34}},{"start":{"line":83,"column":38},"end":{"line":83,"column":39}}],"line":83},"5":{"loc":{"start":{"line":84,"column":20},"end":{"line":84,"column":40}},"type":"binary-expr","locations":[{"start":{"line":84,"column":20},"end":{"line":84,"column":32}},{"start":{"line":84,"column":36},"end":{"line":84,"column":40}}],"line":84},"6":{"loc":{"start":{"line":105,"column":4},"end":{"line":109,"column":5}},"type":"if","locations":[{"start":{"line":105,"column":4},"end":{"line":109,"column":5}},{"start":{},"end":{}}],"line":105},"7":{"loc":{"start":{"line":111,"column":4},"end":{"line":118,"column":5}},"type":"if","locations":[{"start":{"line":111,"column":4},"end":{"line":118,"column":5}},{"start":{},"end":{}}],"line":111},"8":{"loc":{"start":{"line":111,"column":8},"end":{"line":111,"column":34}},"type":"binary-expr","locations":[{"start":{"line":111,"column":8},"end":{"line":111,"column":12}},{"start":{"line":111,"column":16},"end":{"line":111,"column":34}}],"line":111},"9":{"loc":{"start":{"line":113,"column":6},"end":{"line":117,"column":7}},"type":"if","locations":[{"start":{"line":113,"column":6},"end":{"line":117,"column":7}},{"start":{},"end":{}}],"line":113},"10":{"loc":{"start":{"line":121,"column":12},"end":{"line":121,"column":57}},"type":"cond-expr","locations":[{"start":{"line":121,"column":19},"end":{"line":121,"column":45}},{"start":{"line":121,"column":48},"end":{"line":121,"column":57}}],"line":121},"11":{"loc":{"start":{"line":122,"column":19},"end":{"line":122,"column":50}},"type":"binary-expr","locations":[{"start":{"line":122,"column":19},"end":{"line":122,"column":30}},{"start":{"line":122,"column":34},"end":{"line":122,"column":50}}],"line":122},"12":{"loc":{"start":{"line":123,"column":21},"end":{"line":123,"column":56}},"type":"binary-expr","locations":[{"start":{"line":123,"column":21},"end":{"line":123,"column":34}},{"start":{"line":123,"column":38},"end":{"line":123,"column":56}}],"line":123},"13":{"loc":{"start":{"line":124,"column":20},"end":{"line":124,"column":53}},"type":"binary-expr","locations":[{"start":{"line":124,"column":20},"end":{"line":124,"column":32}},{"start":{"line":124,"column":36},"end":{"line":124,"column":53}}],"line":124},"14":{"loc":{"start":{"line":144,"column":4},"end":{"line":148,"column":5}},"type":"if","locations":[{"start":{"line":144,"column":4},"end":{"line":148,"column":5}},{"start":{},"end":{}}],"line":144}},"s":{"0":1,"1":1,"2":2,"3":2,"4":1,"5":1,"6":1,"7":1,"8":2,"9":2,"10":1,"11":1,"12":1,"13":1,"14":3,"15":3,"16":3,"17":2,"18":1,"19":1,"20":1,"21":1,"22":1,"23":5,"24":5,"25":5,"26":2,"27":3,"28":2,"29":1,"30":1,"31":1,"32":1,"33":1,"34":1,"35":4,"36":4,"37":4,"38":4,"39":3,"40":1,"41":2,"42":2,"43":2,"44":1,"45":1,"46":1,"47":1,"48":1,"49":1,"50":3,"51":3,"52":3,"53":2,"54":1,"55":1,"56":1,"57":1,"58":1,"59":1},"f":{"0":2,"1":2,"2":3,"3":5,"4":4,"5":3},"b":{"0":[1,1],"1":[2,3],"2":[5,4],"3":[1,1],"4":[1,1],"5":[1,1],"6":[1,2],"7":[2,0],"8":[2,2],"9":[1,1],"10":[1,0],"11":[1,0],"12":[1,1],"13":[1,1],"14":[1,1]},"_coverageSchema":"1a1c01bbd47fc00a2c39e90264f33305004495a9","hash":"c270ebf36d7f44a633e6812301de5e00e1c50b33"}
,"C:\\website react.js\\sportmatch\\backend\\models\\metodePembayaran.js": {"path":"C:\\website react.js\\sportmatch\\backend\\models\\metodePembayaran.js","statementMap":{"0":{"start":{"line":2,"column":22},"end":{"line":2,"column":42}},"1":{"start":{"line":3,"column":18},"end":{"line":3,"column":47}},"2":{"start":{"line":5,"column":25},"end":{"line":38,"column":1}},"3":{"start":{"line":40,"column":0},"end":{"line":40,"column":34}}},"fnMap":{},"branchMap":{},"s":{"0":1,"1":1,"2":1,"3":1},"f":{},"b":{},"_coverageSchema":"1a1c01bbd47fc00a2c39e90264f33305004495a9","hash":"c8841bcbe972bfa6c709daf8f42279b9297e15f4"}
}
