TN:
SF:config\database.js
FNF:0
FNH:0
DA:1,1
DA:2,1
DA:4,1
DA:22,1
LF:4
LH:4
BRF:0
BRH:0
end_of_record
TN:
SF:controllers\metodePembayaranController.js
FN:4,(anonymous_0)
FN:23,(anonymous_1)
FN:41,(anonymous_2)
FN:62,(anonymous_3)
FN:99,(anonymous_4)
FN:139,(anonymous_5)
FNF:6
FNH:6
FNDA:2,(anonymous_0)
FNDA:2,(anonymous_1)
FNDA:3,(anonymous_2)
FNDA:5,(anonymous_3)
FNDA:4,(anonymous_4)
FNDA:3,(anonymous_5)
DA:2,1
DA:4,1
DA:5,2
DA:6,2
DA:14,1
DA:16,1
DA:17,1
DA:23,1
DA:24,2
DA:25,2
DA:32,1
DA:34,1
DA:35,1
DA:41,1
DA:42,3
DA:43,3
DA:45,3
DA:47,2
DA:48,1
DA:53,1
DA:55,1
DA:56,1
DA:62,1
DA:63,5
DA:64,5
DA:66,5
DA:67,2
DA:73,3
DA:74,2
DA:75,1
DA:80,1
DA:87,1
DA:92,1
DA:93,1
DA:99,1
DA:100,4
DA:101,4
DA:102,4
DA:104,4
DA:105,3
DA:106,1
DA:111,2
DA:112,2
DA:113,2
DA:114,1
DA:120,1
DA:127,1
DA:132,1
DA:133,1
DA:139,1
DA:140,3
DA:141,3
DA:143,3
DA:144,2
DA:145,1
DA:150,1
DA:152,1
DA:156,1
DA:157,1
DA:163,1
LF:60
LH:60
BRDA:47,0,0,1
BRDA:47,0,1,1
BRDA:66,1,0,2
BRDA:66,1,1,3
BRDA:66,2,0,5
BRDA:66,2,1,4
BRDA:74,3,0,1
BRDA:74,3,1,1
BRDA:83,4,0,1
BRDA:83,4,1,1
BRDA:84,5,0,1
BRDA:84,5,1,1
BRDA:105,6,0,1
BRDA:105,6,1,2
BRDA:111,7,0,2
BRDA:111,7,1,0
BRDA:111,8,0,2
BRDA:111,8,1,2
BRDA:113,9,0,1
BRDA:113,9,1,1
BRDA:121,10,0,1
BRDA:121,10,1,0
BRDA:122,11,0,1
BRDA:122,11,1,0
BRDA:123,12,0,1
BRDA:123,12,1,1
BRDA:124,13,0,1
BRDA:124,13,1,1
BRDA:144,14,0,1
BRDA:144,14,1,1
BRF:30
BRH:27
end_of_record
TN:
SF:models\metodePembayaran.js
FNF:0
FNH:0
DA:2,1
DA:3,1
DA:5,1
DA:40,1
LF:4
LH:4
BRF:0
BRH:0
end_of_record
